<?xml version="1.0" encoding="UTF-8"?>
<!-- Generated by org.testng.reporters.JUnitXMLReporter -->
<testsuite hostname="munira-pc" ignored="0" name="Default test" tests="2" failures="0" timestamp="07 Jun 2018 22:07:39 GMT" time="18.669" errors="0">
  <testcase name="verifyHomePageTitleTest" time="0.014" classname="com.facebook.qa.testcases.HomePageTest"/>
  <testcase name="clickOnProfileLinkTest" time="0.435" classname="com.facebook.qa.testcases.HomePageTest"/>
</testsuite> <!-- Default test -->
