<?xml version="1.0" encoding="UTF-8"?>
<!-- Generated by org.testng.reporters.JUnitXMLReporter -->
<testsuite hostname="munira-pc" ignored="0" name="Facebook" tests="4" failures="0" timestamp="08 Jun 2018 06:44:54 GMT" time="34.882" errors="0">
  <testcase name="loginPageTitleTest" time="0.018" classname="com.facebook.qa.testcases.LoginPageTest"/>
  <testcase name="verifyHomePageTitleTest" time="0.017" classname="com.facebook.qa.testcases.HomePageTest"/>
  <testcase name="loginWithValidDataTest" time="3.839" classname="com.facebook.qa.testcases.LoginPageTest"/>
  <testcase name="clickOnProfileLinkTest" time="0.398" classname="com.facebook.qa.testcases.HomePageTest"/>
</testsuite> <!-- Facebook -->
