<?xml version="1.0" encoding="UTF-8"?>
<!-- Generated by org.testng.reporters.JUnitXMLReporter -->
<testsuite hostname="munira-pc" ignored="0" name="Facebook" tests="4" failures="0" timestamp="08 Jun 2018 00:44:39 GMT" time="33.479" errors="0">
  <testcase name="loginPageTitleTest" time="0.035" classname="com.facebook.qa.testcases.LoginPageTest"/>
  <testcase name="verifyHomePageTitleTest" time="0.01" classname="com.facebook.qa.testcases.HomePageTest"/>
  <testcase name="loginWithValidDataTest" time="4.02" classname="com.facebook.qa.testcases.LoginPageTest"/>
  <testcase name="clickOnProfileLinkTest" time="0.389" classname="com.facebook.qa.testcases.HomePageTest"/>
</testsuite> <!-- Facebook -->
